<?xml version="1.0" encoding="UTF-8"?>
<!-- Generated by org.testng.reporters.JUnitReportReporter -->
<testsuite hostname="rutishqq089" failures="0" tests="7" name="Qapitol.TrelloBoardTripPreparation.TrelloFrst" time="48.674" errors="0" timestamp="2021-09-22T18:13:32 IST" skipped="0">
  <testcase classname="Qapitol.TrelloBoardTripPreparation.TrelloFrst" name="login" time="12.038"/>
  <system-out/>
  <testcase classname="Qapitol.TrelloBoardTripPreparation.TrelloFrst" name="board" time="17.114"/>
  <system-out/>
  <testcase classname="Qapitol.TrelloBoardTripPreparation.TrelloFrst" name="toDo" time="3.734"/>
  <system-out/>
  <testcase classname="Qapitol.TrelloBoardTripPreparation.TrelloFrst" name="doing" time="1.421"/>
  <system-out/>
  <testcase classname="Qapitol.TrelloBoardTripPreparation.TrelloFrst" name="done" time="5.688"/>
  <system-out/>
  <testcase classname="Qapitol.TrelloBoardTripPreparation.TrelloFrst" name="deleteBoard" time="0.700"/>
  <system-out/>
  <testcase classname="Qapitol.TrelloBoardTripPreparation.TrelloFrst" name="logout" time="7.979"/>
  <system-out/>
</testsuite> <!-- Qapitol.TrelloBoardTripPreparation.TrelloFrst -->
